CRITICAL - 2022-08-29 22:43:03 --> Undefined array key "name"
in APPPATH\Controllers\Pages.php on line 37.
 1 APPPATH\Controllers\Pages.php(37): CodeIgniter\Debug\Exceptions->errorHandler(2, 'Undefined array key "name"', 'APPPATH\\Controllers\\Pages.php', 37)
 2 SYSTEMPATH\CodeIgniter.php(904): App\Controllers\Pages->save()
 3 SYSTEMPATH\CodeIgniter.php(457): CodeIgniter\CodeIgniter->runController(Object(App\Controllers\Pages))
 4 SYSTEMPATH\CodeIgniter.php(340): CodeIgniter\CodeIgniter->handleRequest(null, Object(Config\Cache), false)
 5 FCPATH\index.php(67): CodeIgniter\CodeIgniter->run()
 6 SYSTEMPATH\Commands\Server\rewrite.php(43): require_once('FCPATH\\index.php')
CRITICAL - 2022-08-29 22:48:01 --> Undefined array key "input-other"
in APPPATH\Controllers\Pages.php on line 46.
 1 APPPATH\Controllers\Pages.php(46): CodeIgniter\Debug\Exceptions->errorHandler(2, 'Undefined array key "input-other"', 'APPPATH\\Controllers\\Pages.php', 46)
 2 SYSTEMPATH\CodeIgniter.php(904): App\Controllers\Pages->save()
 3 SYSTEMPATH\CodeIgniter.php(457): CodeIgniter\CodeIgniter->runController(Object(App\Controllers\Pages))
 4 SYSTEMPATH\CodeIgniter.php(340): CodeIgniter\CodeIgniter->handleRequest(null, Object(Config\Cache), false)
 5 FCPATH\index.php(67): CodeIgniter\CodeIgniter->run()
 6 SYSTEMPATH\Commands\Server\rewrite.php(43): require_once('FCPATH\\index.php')
CRITICAL - 2022-08-29 22:49:22 --> Undefined array key "input-other"
in APPPATH\Controllers\Pages.php on line 46.
 1 APPPATH\Controllers\Pages.php(46): CodeIgniter\Debug\Exceptions->errorHandler(2, 'Undefined array key "input-other"', 'APPPATH\\Controllers\\Pages.php', 46)
 2 SYSTEMPATH\CodeIgniter.php(904): App\Controllers\Pages->save()
 3 SYSTEMPATH\CodeIgniter.php(457): CodeIgniter\CodeIgniter->runController(Object(App\Controllers\Pages))
 4 SYSTEMPATH\CodeIgniter.php(340): CodeIgniter\CodeIgniter->handleRequest(null, Object(Config\Cache), false)
 5 FCPATH\index.php(67): CodeIgniter\CodeIgniter->run()
 6 SYSTEMPATH\Commands\Server\rewrite.php(43): require_once('FCPATH\\index.php')
CRITICAL - 2022-08-29 22:50:05 --> Undefined array key "input-other"
in APPPATH\Controllers\Pages.php on line 46.
 1 APPPATH\Controllers\Pages.php(46): CodeIgniter\Debug\Exceptions->errorHandler(2, 'Undefined array key "input-other"', 'APPPATH\\Controllers\\Pages.php', 46)
 2 SYSTEMPATH\CodeIgniter.php(904): App\Controllers\Pages->save()
 3 SYSTEMPATH\CodeIgniter.php(457): CodeIgniter\CodeIgniter->runController(Object(App\Controllers\Pages))
 4 SYSTEMPATH\CodeIgniter.php(340): CodeIgniter\CodeIgniter->handleRequest(null, Object(Config\Cache), false)
 5 FCPATH\index.php(67): CodeIgniter\CodeIgniter->run()
 6 SYSTEMPATH\Commands\Server\rewrite.php(43): require_once('FCPATH\\index.php')
CRITICAL - 2022-08-29 23:34:03 --> is_unique[employee,phone is not a valid rule.
in SYSTEMPATH\Validation\Validation.php on line 323.
 1 SYSTEMPATH\Validation\Validation.php(323): CodeIgniter\Validation\Exceptions\ValidationException::forRuleNotFound('is_unique[employee,phone')
 2 SYSTEMPATH\Validation\Validation.php(175): CodeIgniter\Validation\Validation->processRules('phone', 'phone', '6285710761368', [...], [...])
 3 SYSTEMPATH\Controller.php(140): CodeIgniter\Validation\Validation->run()
 4 APPPATH\Controllers\Pages.php(49): CodeIgniter\Controller->validate([...])
 5 SYSTEMPATH\CodeIgniter.php(904): App\Controllers\Pages->save()
 6 SYSTEMPATH\CodeIgniter.php(457): CodeIgniter\CodeIgniter->runController(Object(App\Controllers\Pages))
 7 SYSTEMPATH\CodeIgniter.php(340): CodeIgniter\CodeIgniter->handleRequest(null, Object(Config\Cache), false)
 8 FCPATH\index.php(67): CodeIgniter\CodeIgniter->run()
 9 SYSTEMPATH\Commands\Server\rewrite.php(43): require_once('FCPATH\\index.php')
ERROR - 2022-08-29 23:34:56 --> mysqli_sql_exception: Unknown column 'employee' in 'where clause' in C:\xampp\htdocs\Ci4Tutorial\vendor\codeigniter4\framework\system\Database\MySQLi\Connection.php:292
Stack trace:
#0 C:\xampp\htdocs\Ci4Tutorial\vendor\codeigniter4\framework\system\Database\MySQLi\Connection.php(292): mysqli->query('SELECT 1\nFROM `...', 0)
#1 C:\xampp\htdocs\Ci4Tutorial\vendor\codeigniter4\framework\system\Database\BaseConnection.php(693): CodeIgniter\Database\MySQLi\Connection->execute('SELECT 1\nFROM `...')
#2 C:\xampp\htdocs\Ci4Tutorial\vendor\codeigniter4\framework\system\Database\BaseConnection.php(620): CodeIgniter\Database\BaseConnection->simpleQuery('SELECT 1\nFROM `...')
#3 C:\xampp\htdocs\Ci4Tutorial\vendor\codeigniter4\framework\system\Database\BaseBuilder.php(1585): CodeIgniter\Database\BaseConnection->query('SELECT 1\nFROM `...', Array, false)
#4 C:\xampp\htdocs\Ci4Tutorial\vendor\codeigniter4\framework\system\Validation\Rules.php(142): CodeIgniter\Database\BaseBuilder->get()
#5 C:\xampp\htdocs\Ci4Tutorial\vendor\codeigniter4\framework\system\Validation\Validation.php(315): CodeIgniter\Validation\Rules->is_unique('6285710761368', 'employee', Array, NULL)
#6 C:\xampp\htdocs\Ci4Tutorial\vendor\codeigniter4\framework\system\Validation\Validation.php(175): CodeIgniter\Validation\Validation->processRules('phone', 'phone', '6285710761368', Array, Array)
#7 C:\xampp\htdocs\Ci4Tutorial\vendor\codeigniter4\framework\system\Controller.php(140): CodeIgniter\Validation\Validation->run()
#8 C:\xampp\htdocs\Ci4Tutorial\app\Controllers\Pages.php(49): CodeIgniter\Controller->validate(Array)
#9 C:\xampp\htdocs\Ci4Tutorial\vendor\codeigniter4\framework\system\CodeIgniter.php(904): App\Controllers\Pages->save()
#10 C:\xampp\htdocs\Ci4Tutorial\vendor\codeigniter4\framework\system\CodeIgniter.php(457): CodeIgniter\CodeIgniter->runController(Object(App\Controllers\Pages))
#11 C:\xampp\htdocs\Ci4Tutorial\vendor\codeigniter4\framework\system\CodeIgniter.php(340): CodeIgniter\CodeIgniter->handleRequest(NULL, Object(Config\Cache), false)
#12 C:\xampp\htdocs\Ci4Tutorial\public\index.php(67): CodeIgniter\CodeIgniter->run()
#13 C:\xampp\htdocs\Ci4Tutorial\vendor\codeigniter4\framework\system\Commands\Server\rewrite.php(43): require_once('C:\\xampp\\htdocs...')
#14 {main}
CRITICAL - 2022-08-29 23:34:56 --> Unknown column 'employee' in 'where clause'
in SYSTEMPATH\Database\MySQLi\Connection.php on line 292.
 1 SYSTEMPATH\Database\MySQLi\Connection.php(292): mysqli->query('SELECT 1
FROM `employee`
WHERE `employee` = \'6285710761368\'
 LIMIT 1', 0)
 2 SYSTEMPATH\Database\BaseConnection.php(693): CodeIgniter\Database\MySQLi\Connection->execute('SELECT 1
FROM `employee`
WHERE `employee` = \'6285710761368\'
 LIMIT 1')
 3 SYSTEMPATH\Database\BaseConnection.php(620): CodeIgniter\Database\BaseConnection->simpleQuery('SELECT 1
FROM `employee`
WHERE `employee` = \'6285710761368\'
 LIMIT 1')
 4 SYSTEMPATH\Database\BaseBuilder.php(1585): CodeIgniter\Database\BaseConnection->query('SELECT 1
FROM `employee`
WHERE `employee` = :employee:
 LIMIT 1', [...], false)
 5 SYSTEMPATH\Validation\Rules.php(142): CodeIgniter\Database\BaseBuilder->get()
 6 SYSTEMPATH\Validation\Validation.php(315): CodeIgniter\Validation\Rules->is_unique('6285710761368', 'employee', [...], null)
 7 SYSTEMPATH\Validation\Validation.php(175): CodeIgniter\Validation\Validation->processRules('phone', 'phone', '6285710761368', [...], [...])
 8 SYSTEMPATH\Controller.php(140): CodeIgniter\Validation\Validation->run()
 9 APPPATH\Controllers\Pages.php(49): CodeIgniter\Controller->validate([...])
10 SYSTEMPATH\CodeIgniter.php(904): App\Controllers\Pages->save()
11 SYSTEMPATH\CodeIgniter.php(457): CodeIgniter\CodeIgniter->runController(Object(App\Controllers\Pages))
12 SYSTEMPATH\CodeIgniter.php(340): CodeIgniter\CodeIgniter->handleRequest(null, Object(Config\Cache), false)
13 FCPATH\index.php(67): CodeIgniter\CodeIgniter->run()
14 SYSTEMPATH\Commands\Server\rewrite.php(43): require_once('FCPATH\\index.php')
